<?xml version="1.0" encoding="UTF-8"?>
<!-- Generated by org.testng.reporters.JUnitReportReporter -->
<testsuite hostname="DESKTOP-ORMUMH8" failures="0" tests="1" name="testcases.LoginPage_TeseCases" time="9.974" errors="0" timestamp="2025-02-10T15:06:44 BDT" skipped="0">
  <testcase classname="testcases.LoginPage_TeseCases" name="placeHolderVerify" time="9.974"/>
</testsuite> <!-- testcases.LoginPage_TeseCases -->
